# JRE version: OpenJDK Runtime Environment Temurin-17.0.5+8 (17.0.5+8) (build 17.0.5+8)
# Java VM: OpenJDK 64-Bit Server VM Temurin-17.0.5+8 (17.0.5+8, mixed mode, tiered, compressed oops, compressed class ptrs, parallel gc, windows-amd64)
GC Precious Log:
 CPUs: 4 total, 4 available
 Memory: 16260M
 Large Page Support: Disabled
 NUMA Support: Disabled
 Compressed Oops: Enabled (32-bit)
 Alignments: Space 512K, Generation 512K, Heap 2M
 Heap Min Capacity: 100M
 Heap Initial Capacity: 100M
 Heap Max Capacity: 1G
 Pre-touch: Disabled
 Parallel Workers: 4
Heap:
 PSYoungGen      total 3072K, used 1004K [0x00000000eab00000, 0x00000000eb080000, 0x0000000100000000)
  eden space 2048K, 0% used [0x00000000eab00000,0x00000000eab00000,0x00000000ead00000)
  from space 1024K, 98% used [0x00000000eaf00000,0x00000000eaffb340,0x00000000eb000000)
  to   space 512K, 0% used [0x00000000eb000000,0x00000000eb000000,0x00000000eb080000)
 ParOldGen       total 83968K, used 83835K [0x00000000c0000000, 0x00000000c5200000, 0x00000000eab00000)
  object space 83968K, 99% used [0x00000000c0000000,0x00000000c51ded40,0x00000000c5200000)
 Metaspace       used 86306K, committed 87488K, reserved 1130496K
  class space    used 8875K, committed 9408K, reserved 1048576K
GC Heap History (20 events):
Event: 889.158 GC heap after
{Heap after GC invocations=2531 (full 81):
 PSYoungGen      total 5632K, used 1011K [0x00000000eab00000, 0x00000000eb300000, 0x0000000100000000)
  eden space 4608K, 0% used [0x00000000eab00000,0x00000000eab00000,0x00000000eaf80000)
  from space 1024K, 98% used [0x00000000eb100000,0x00000000eb1fceb0,0x00000000eb200000)
  to   space 1536K, 0% used [0x00000000eaf80000,0x00000000eaf80000,0x00000000eb100000)
 ParOldGen       total 82432K, used 70917K [0x00000000c0000000, 0x00000000c5080000, 0x00000000eab00000)
  object space 82432K, 86% used [0x00000000c0000000,0x00000000c4541480,0x00000000c5080000)
 Metaspace       used 86301K, committed 87488K, reserved 1130496K
  class space    used 8874K, committed 9408K, reserved 1048576K
}
Event: 889.166 GC heap before
{Heap before GC invocations=2532 (full 81):
 PSYoungGen      total 5632K, used 5361K [0x00000000eab00000, 0x00000000eb300000, 0x0000000100000000)
  eden space 4608K, 94% used [0x00000000eab00000,0x00000000eaf3f6a0,0x00000000eaf80000)
  from space 1024K, 98% used [0x00000000eb100000,0x00000000eb1fceb0,0x00000000eb200000)
  to   space 1536K, 0% used [0x00000000eaf80000,0x00000000eaf80000,0x00000000eb100000)
 ParOldGen       total 82432K, used 70917K [0x00000000c0000000, 0x00000000c5080000, 0x00000000eab00000)
  object space 82432K, 86% used [0x00000000c0000000,0x00000000c4541480,0x00000000c5080000)
 Metaspace       used 86301K, committed 87488K, reserved 1130496K
  class space    used 8874K, committed 9408K, reserved 1048576K
}
Event: 889.167 GC heap after
{Heap after GC invocations=2532 (full 81):
 PSYoungGen      total 6144K, used 1161K [0x00000000eab00000, 0x00000000eb280000, 0x0000000100000000)
  eden space 4608K, 0% used [0x00000000eab00000,0x00000000eab00000,0x00000000eaf80000)
  from space 1536K, 75% used [0x00000000eaf80000,0x00000000eb0a2628,0x00000000eb100000)
  to   space 1536K, 0% used [0x00000000eb100000,0x00000000eb100000,0x00000000eb280000)
 ParOldGen       total 82432K, used 72427K [0x00000000c0000000, 0x00000000c5080000, 0x00000000eab00000)
  object space 82432K, 87% used [0x00000000c0000000,0x00000000c46badc0,0x00000000c5080000)
 Metaspace       used 86301K, committed 87488K, reserved 1130496K
  class space    used 8874K, committed 9408K, reserved 1048576K
}
Event: 889.176 GC heap before
{Heap before GC invocations=2533 (full 81):
 PSYoungGen      total 6144K, used 5642K [0x00000000eab00000, 0x00000000eb280000, 0x0000000100000000)
  eden space 4608K, 97% used [0x00000000eab00000,0x00000000eaf60290,0x00000000eaf80000)
  from space 1536K, 75% used [0x00000000eaf80000,0x00000000eb0a2628,0x00000000eb100000)
  to   space 1536K, 0% used [0x00000000eb100000,0x00000000eb100000,0x00000000eb280000)
 ParOldGen       total 82432K, used 72427K [0x00000000c0000000, 0x00000000c5080000, 0x00000000eab00000)
  object space 82432K, 87% used [0x00000000c0000000,0x00000000c46badc0,0x00000000c5080000)
 Metaspace       used 86301K, committed 87488K, reserved 1130496K
  class space    used 8874K, committed 9408K, reserved 1048576K
}
Event: 889.178 GC heap after
{Heap after GC invocations=2533 (full 81):
 PSYoungGen      total 6144K, used 1148K [0x00000000eab00000, 0x00000000eb280000, 0x0000000100000000)
  eden space 4608K, 0% used [0x00000000eab00000,0x00000000eab00000,0x00000000eaf80000)
  from space 1536K, 74% used [0x00000000eb100000,0x00000000eb21f340,0x00000000eb280000)
  to   space 1536K, 0% used [0x00000000eaf80000,0x00000000eaf80000,0x00000000eb100000)
 ParOldGen       total 82432K, used 73929K [0x00000000c0000000, 0x00000000c5080000, 0x00000000eab00000)
  object space 82432K, 89% used [0x00000000c0000000,0x00000000c4832700,0x00000000c5080000)
 Metaspace       used 86301K, committed 87488K, reserved 1130496K
  class space    used 8874K, committed 9408K, reserved 1048576K
}
Event: 889.185 GC heap before
{Heap before GC invocations=2534 (full 81):
 PSYoungGen      total 6144K, used 5462K [0x00000000eab00000, 0x00000000eb280000, 0x0000000100000000)
  eden space 4608K, 93% used [0x00000000eab00000,0x00000000eaf368b0,0x00000000eaf80000)
  from space 1536K, 74% used [0x00000000eb100000,0x00000000eb21f340,0x00000000eb280000)
  to   space 1536K, 0% used [0x00000000eaf80000,0x00000000eaf80000,0x00000000eb100000)
 ParOldGen       total 82432K, used 73929K [0x00000000c0000000, 0x00000000c5080000, 0x00000000eab00000)
  object space 82432K, 89% used [0x00000000c0000000,0x00000000c4832700,0x00000000c5080000)
 Metaspace       used 86301K, committed 87488K, reserved 1130496K
  class space    used 8874K, committed 9408K, reserved 1048576K
}
Event: 889.186 GC heap after
{Heap after GC invocations=2534 (full 81):
 PSYoungGen      total 5632K, used 704K [0x00000000eab00000, 0x00000000eb180000, 0x0000000100000000)
  eden space 4608K, 0% used [0x00000000eab00000,0x00000000eab00000,0x00000000eaf80000)
  from space 1024K, 68% used [0x00000000eaf80000,0x00000000eb030000,0x00000000eb080000)
  to   space 1024K, 0% used [0x00000000eb080000,0x00000000eb080000,0x00000000eb180000)
 ParOldGen       total 82432K, used 73937K [0x00000000c0000000, 0x00000000c5080000, 0x00000000eab00000)
  object space 82432K, 89% used [0x00000000c0000000,0x00000000c4834700,0x00000000c5080000)
 Metaspace       used 86301K, committed 87488K, reserved 1130496K
  class space    used 8874K, committed 9408K, reserved 1048576K
}
Event: 889.192 GC heap before
{Heap before GC invocations=2535 (full 81):
 PSYoungGen      total 5632K, used 5279K [0x00000000eab00000, 0x00000000eb180000, 0x0000000100000000)
  eden space 4608K, 99% used [0x00000000eab00000,0x00000000eaf77fa0,0x00000000eaf80000)
  from space 1024K, 68% used [0x00000000eaf80000,0x00000000eb030000,0x00000000eb080000)
  to   space 1024K, 0% used [0x00000000eb080000,0x00000000eb080000,0x00000000eb180000)
 ParOldGen       total 82432K, used 73937K [0x00000000c0000000, 0x00000000c5080000, 0x00000000eab00000)
  object space 82432K, 89% used [0x00000000c0000000,0x00000000c4834700,0x00000000c5080000)
 Metaspace       used 86301K, committed 87488K, reserved 1130496K
  class space    used 8874K, committed 9408K, reserved 1048576K
}
Event: 889.193 GC heap after
{Heap after GC invocations=2535 (full 81):
 PSYoungGen      total 3072K, used 994K [0x00000000eab00000, 0x00000000eb680000, 0x0000000100000000)
  eden space 2048K, 0% used [0x00000000eab00000,0x00000000eab00000,0x00000000ead00000)
  from space 1024K, 97% used [0x00000000eb080000,0x00000000eb178918,0x00000000eb180000)
  to   space 3584K, 0% used [0x00000000ead00000,0x00000000ead00000,0x00000000eb080000)
 ParOldGen       total 82432K, used 75714K [0x00000000c0000000, 0x00000000c5080000, 0x00000000eab00000)
  object space 82432K, 91% used [0x00000000c0000000,0x00000000c49f0850,0x00000000c5080000)
 Metaspace       used 86301K, committed 87488K, reserved 1130496K
  class space    used 8874K, committed 9408K, reserved 1048576K
}
Event: 889.196 GC heap before
{Heap before GC invocations=2536 (full 81):
 PSYoungGen      total 3072K, used 3008K [0x00000000eab00000, 0x00000000eb680000, 0x0000000100000000)
  eden space 2048K, 98% used [0x00000000eab00000,0x00000000eacf79b8,0x00000000ead00000)
  from space 1024K, 97% used [0x00000000eb080000,0x00000000eb178918,0x00000000eb180000)
  to   space 3584K, 0% used [0x00000000ead00000,0x00000000ead00000,0x00000000eb080000)
 ParOldGen       total 82432K, used 75714K [0x00000000c0000000, 0x00000000c5080000, 0x00000000eab00000)
  object space 82432K, 91% used [0x00000000c0000000,0x00000000c49f0850,0x00000000c5080000)
 Metaspace       used 86301K, committed 87488K, reserved 1130496K
  class space    used 8874K, committed 9408K, reserved 1048576K
}
Event: 889.197 GC heap after
{Heap after GC invocations=2536 (full 81):
 PSYoungGen      total 5632K, used 2502K [0x00000000eab00000, 0x00000000eb380000, 0x0000000100000000)
  eden space 2048K, 0% used [0x00000000eab00000,0x00000000eab00000,0x00000000ead00000)
  from space 3584K, 69% used [0x00000000ead00000,0x00000000eaf71808,0x00000000eb080000)
  to   space 3072K, 0% used [0x00000000eb080000,0x00000000eb080000,0x00000000eb380000)
 ParOldGen       total 82432K, used 75722K [0x00000000c0000000, 0x00000000c5080000, 0x00000000eab00000)
  object space 82432K, 91% used [0x00000000c0000000,0x00000000c49f2850,0x00000000c5080000)
 Metaspace       used 86301K, committed 87488K, reserved 1130496K
  class space    used 8874K, committed 9408K, reserved 1048576K
}
Event: 1059.510 GC heap before
{Heap before GC invocations=2537 (full 81):
 PSYoungGen      total 5632K, used 4549K [0x00000000eab00000, 0x00000000eb380000, 0x0000000100000000)
  eden space 2048K, 99% used [0x00000000eab00000,0x00000000eacfffe0,0x00000000ead00000)
  from space 3584K, 69% used [0x00000000ead00000,0x00000000eaf71808,0x00000000eb080000)
  to   space 3072K, 0% used [0x00000000eb080000,0x00000000eb080000,0x00000000eb380000)
 ParOldGen       total 82432K, used 78726K [0x00000000c0000000, 0x00000000c5080000, 0x00000000eab00000)
  object space 82432K, 95% used [0x00000000c0000000,0x00000000c4ce1ad0,0x00000000c5080000)
 Metaspace       used 86301K, committed 87488K, reserved 1130496K
  class space    used 8874K, committed 9408K, reserved 1048576K
}
Event: 1059.514 GC heap after
{Heap after GC invocations=2537 (full 81):
 PSYoungGen      total 2560K, used 225K [0x00000000eab00000, 0x00000000eb100000, 0x0000000100000000)
  eden space 2048K, 0% used [0x00000000eab00000,0x00000000eab00000,0x00000000ead00000)
  from space 512K, 43% used [0x00000000eb080000,0x00000000eb0b8460,0x00000000eb100000)
  to   space 1536K, 0% used [0x00000000eae00000,0x00000000eae00000,0x00000000eaf80000)
 ParOldGen       total 82432K, used 79152K [0x00000000c0000000, 0x00000000c5080000, 0x00000000eab00000)
  object space 82432K, 96% used [0x00000000c0000000,0x00000000c4d4c180,0x00000000c5080000)
 Metaspace       used 86301K, committed 87488K, reserved 1130496K
  class space    used 8874K, committed 9408K, reserved 1048576K
}
Event: 1152.834 GC heap before
{Heap before GC invocations=2538 (full 81):
 PSYoungGen      total 2560K, used 2273K [0x00000000eab00000, 0x00000000eb100000, 0x0000000100000000)
  eden space 2048K, 100% used [0x00000000eab00000,0x00000000ead00000,0x00000000ead00000)
  from space 512K, 43% used [0x00000000eb080000,0x00000000eb0b8460,0x00000000eb100000)
  to   space 1536K, 0% used [0x00000000eae00000,0x00000000eae00000,0x00000000eaf80000)
 ParOldGen       total 82432K, used 79152K [0x00000000c0000000, 0x00000000c5080000, 0x00000000eab00000)
  object space 82432K, 96% used [0x00000000c0000000,0x00000000c4d4c180,0x00000000c5080000)
 Metaspace       used 86306K, committed 87488K, reserved 1130496K
  class space    used 8875K, committed 9408K, reserved 1048576K
}
Event: 1152.835 GC heap after
{Heap after GC invocations=2538 (full 81):
 PSYoungGen      total 3584K, used 817K [0x00000000eab00000, 0x00000000eb100000, 0x0000000100000000)
  eden space 2048K, 0% used [0x00000000eab00000,0x00000000eab00000,0x00000000ead00000)
  from space 1536K, 53% used [0x00000000eae00000,0x00000000eaecc470,0x00000000eaf80000)
  to   space 1024K, 0% used [0x00000000eb000000,0x00000000eb000000,0x00000000eb100000)
 ParOldGen       total 82432K, used 79160K [0x00000000c0000000, 0x00000000c5080000, 0x00000000eab00000)
  object space 82432K, 96% used [0x00000000c0000000,0x00000000c4d4e180,0x00000000c5080000)
 Metaspace       used 86306K, committed 87488K, reserved 1130496K
  class space    used 8875K, committed 9408K, reserved 1048576K
}
Event: 1152.840 GC heap before
{Heap before GC invocations=2539 (full 81):
 PSYoungGen      total 3584K, used 2702K [0x00000000eab00000, 0x00000000eb100000, 0x0000000100000000)
  eden space 2048K, 92% used [0x00000000eab00000,0x00000000eacd7450,0x00000000ead00000)
  from space 1536K, 53% used [0x00000000eae00000,0x00000000eaecc470,0x00000000eaf80000)
  to   space 1024K, 0% used [0x00000000eb000000,0x00000000eb000000,0x00000000eb100000)
 ParOldGen       total 82432K, used 80662K [0x00000000c0000000, 0x00000000c5080000, 0x00000000eab00000)
  object space 82432K, 97% used [0x00000000c0000000,0x00000000c4ec5ac0,0x00000000c5080000)
 Metaspace       used 86306K, committed 87488K, reserved 1130496K
  class space    used 8875K, committed 9408K, reserved 1048576K
}
Event: 1152.841 GC heap after
{Heap after GC invocations=2539 (full 81):
 PSYoungGen      total 3072K, used 752K [0x00000000eab00000, 0x00000000eb100000, 0x0000000100000000)
  eden space 2048K, 0% used [0x00000000eab00000,0x00000000eab00000,0x00000000ead00000)
  from space 1024K, 73% used [0x00000000eb000000,0x00000000eb0bc010,0x00000000eb100000)
  to   space 1024K, 0% used [0x00000000eaf00000,0x00000000eaf00000,0x00000000eb000000)
 ParOldGen       total 82432K, used 80662K [0x00000000c0000000, 0x00000000c5080000, 0x00000000eab00000)
  object space 82432K, 97% used [0x00000000c0000000,0x00000000c4ec5ac0,0x00000000c5080000)
 Metaspace       used 86306K, committed 87488K, reserved 1130496K
  class space    used 8875K, committed 9408K, reserved 1048576K
}
Event: 1152.850 GC heap before
{Heap before GC invocations=2540 (full 81):
 PSYoungGen      total 3072K, used 2798K [0x00000000eab00000, 0x00000000eb100000, 0x0000000100000000)
  eden space 2048K, 99% used [0x00000000eab00000,0x00000000eacffbd0,0x00000000ead00000)
  from space 1024K, 73% used [0x00000000eb000000,0x00000000eb0bc010,0x00000000eb100000)
  to   space 1024K, 0% used [0x00000000eaf00000,0x00000000eaf00000,0x00000000eb000000)
 ParOldGen       total 83968K, used 83667K [0x00000000c0000000, 0x00000000c5200000, 0x00000000eab00000)
  object space 83968K, 99% used [0x00000000c0000000,0x00000000c51b4d40,0x00000000c5200000)
 Metaspace       used 86306K, committed 87488K, reserved 1130496K
  class space    used 8875K, committed 9408K, reserved 1048576K
}
Event: 1152.851 GC heap after
{Heap after GC invocations=2540 (full 81):
 PSYoungGen      total 3072K, used 1004K [0x00000000eab00000, 0x00000000eb080000, 0x0000000100000000)
  eden space 2048K, 0% used [0x00000000eab00000,0x00000000eab00000,0x00000000ead00000)
  from space 1024K, 98% used [0x00000000eaf00000,0x00000000eaffb340,0x00000000eb000000)
  to   space 512K, 0% used [0x00000000eb000000,0x00000000eb000000,0x00000000eb080000)
 ParOldGen       total 83968K, used 83835K [0x00000000c0000000, 0x00000000c5200000, 0x00000000eab00000)
  object space 83968K, 99% used [0x00000000c0000000,0x00000000c51ded40,0x00000000c5200000)
 Metaspace       used 86306K, committed 87488K, reserved 1130496K
  class space    used 8875K, committed 9408K, reserved 1048576K
}
Event: 1152.851 GC heap before
{Heap before GC invocations=2541 (full 82):
 PSYoungGen      total 3072K, used 1004K [0x00000000eab00000, 0x00000000eb080000, 0x0000000100000000)
  eden space 2048K, 0% used [0x00000000eab00000,0x00000000eab00000,0x00000000ead00000)
  from space 1024K, 98% used [0x00000000eaf00000,0x00000000eaffb340,0x00000000eb000000)
  to   space 512K, 0% used [0x00000000eb000000,0x00000000eb000000,0x00000000eb080000)
 ParOldGen       total 83968K, used 83835K [0x00000000c0000000, 0x00000000c5200000, 0x00000000eab00000)
  object space 83968K, 99% used [0x00000000c0000000,0x00000000c51ded40,0x00000000c5200000)
 Metaspace       used 86306K, committed 87488K, reserved 1130496K
  class space    used 8875K, committed 9408K, reserved 1048576K
}

