# JRE version: OpenJDK Runtime Environment Temurin-17.0.5+8 (17.0.5+8) (build 17.0.5+8)
# Java VM: OpenJDK 64-Bit Server VM Temurin-17.0.5+8 (17.0.5+8, mixed mode, tiered, compressed oops, compressed class ptrs, parallel gc, windows-amd64)
GC Precious Log:
 CPUs: 4 total, 4 available
 Memory: 16260M
 Large Page Support: Disabled
 NUMA Support: Disabled
 Compressed Oops: Enabled (32-bit)
 Alignments: Space 512K, Generation 512K, Heap 2M
 Heap Min Capacity: 100M
 Heap Initial Capacity: 100M
 Heap Max Capacity: 1G
 Pre-touch: Disabled
 Parallel Workers: 4
Heap:
 PSYoungGen      total 3584K, used 1493K [0x00000000eab00000, 0x00000000eb180000, 0x0000000100000000)
  eden space 2048K, 0% used [0x00000000eab00000,0x00000000eab00000,0x00000000ead00000)
  from space 1536K, 97% used [0x00000000eaf00000,0x00000000eb075650,0x00000000eb080000)
  to   space 2048K, 0% used [0x00000000ead00000,0x00000000ead00000,0x00000000eaf00000)
 ParOldGen       total 87040K, used 86552K [0x00000000c0000000, 0x00000000c5500000, 0x00000000eab00000)
  object space 87040K, 99% used [0x00000000c0000000,0x00000000c54861a8,0x00000000c5500000)
 Metaspace       used 81698K, committed 82816K, reserved 1130496K
  class space    used 8260K, committed 8768K, reserved 1048576K
GC Heap History (20 events):
Event: 2348.791 GC heap after
{Heap after GC invocations=2982 (full 83):
 PSYoungGen      total 5632K, used 1664K [0x00000000eab00000, 0x00000000eb280000, 0x0000000100000000)
  eden space 3584K, 0% used [0x00000000eab00000,0x00000000eab00000,0x00000000eae80000)
  from space 2048K, 81% used [0x00000000eae80000,0x00000000eb020000,0x00000000eb080000)
  to   space 2048K, 0% used [0x00000000eb080000,0x00000000eb080000,0x00000000eb280000)
 ParOldGen       total 85504K, used 81898K [0x00000000c0000000, 0x00000000c5380000, 0x00000000eab00000)
  object space 85504K, 95% used [0x00000000c0000000,0x00000000c4ffa9c0,0x00000000c5380000)
 Metaspace       used 81694K, committed 82816K, reserved 1130496K
  class space    used 8260K, committed 8768K, reserved 1048576K
}
Event: 2348.936 GC heap before
{Heap before GC invocations=2983 (full 83):
 PSYoungGen      total 5632K, used 5248K [0x00000000eab00000, 0x00000000eb280000, 0x0000000100000000)
  eden space 3584K, 100% used [0x00000000eab00000,0x00000000eae80000,0x00000000eae80000)
  from space 2048K, 81% used [0x00000000eae80000,0x00000000eb020000,0x00000000eb080000)
  to   space 2048K, 0% used [0x00000000eb080000,0x00000000eb080000,0x00000000eb280000)
 ParOldGen       total 85504K, used 81898K [0x00000000c0000000, 0x00000000c5380000, 0x00000000eab00000)
  object space 85504K, 95% used [0x00000000c0000000,0x00000000c4ffa9c0,0x00000000c5380000)
 Metaspace       used 81695K, committed 82816K, reserved 1130496K
  class space    used 8260K, committed 8768K, reserved 1048576K
}
Event: 2348.937 GC heap after
{Heap after GC invocations=2983 (full 83):
 PSYoungGen      total 5632K, used 1968K [0x00000000eab00000, 0x00000000eb280000, 0x0000000100000000)
  eden space 3584K, 0% used [0x00000000eab00000,0x00000000eab00000,0x00000000eae80000)
  from space 2048K, 96% used [0x00000000eb080000,0x00000000eb26c010,0x00000000eb280000)
  to   space 2048K, 0% used [0x00000000eae80000,0x00000000eae80000,0x00000000eb080000)
 ParOldGen       total 85504K, used 81898K [0x00000000c0000000, 0x00000000c5380000, 0x00000000eab00000)
  object space 85504K, 95% used [0x00000000c0000000,0x00000000c4ffa9c0,0x00000000c5380000)
 Metaspace       used 81695K, committed 82816K, reserved 1130496K
  class space    used 8260K, committed 8768K, reserved 1048576K
}
Event: 2348.947 GC heap before
{Heap before GC invocations=2984 (full 83):
 PSYoungGen      total 5632K, used 5552K [0x00000000eab00000, 0x00000000eb280000, 0x0000000100000000)
  eden space 3584K, 100% used [0x00000000eab00000,0x00000000eae80000,0x00000000eae80000)
  from space 2048K, 96% used [0x00000000eb080000,0x00000000eb26c010,0x00000000eb280000)
  to   space 2048K, 0% used [0x00000000eae80000,0x00000000eae80000,0x00000000eb080000)
 ParOldGen       total 85504K, used 81898K [0x00000000c0000000, 0x00000000c5380000, 0x00000000eab00000)
  object space 85504K, 95% used [0x00000000c0000000,0x00000000c4ffa9c0,0x00000000c5380000)
 Metaspace       used 81695K, committed 82816K, reserved 1130496K
  class space    used 8260K, committed 8768K, reserved 1048576K
}
Event: 2348.948 GC heap after
{Heap after GC invocations=2984 (full 83):
 PSYoungGen      total 5632K, used 1440K [0x00000000eab00000, 0x00000000eb280000, 0x0000000100000000)
  eden space 3584K, 0% used [0x00000000eab00000,0x00000000eab00000,0x00000000eae80000)
  from space 2048K, 70% used [0x00000000eae80000,0x00000000eafe8000,0x00000000eb080000)
  to   space 2048K, 0% used [0x00000000eb080000,0x00000000eb080000,0x00000000eb280000)
 ParOldGen       total 85504K, used 81898K [0x00000000c0000000, 0x00000000c5380000, 0x00000000eab00000)
  object space 85504K, 95% used [0x00000000c0000000,0x00000000c4ffa9c0,0x00000000c5380000)
 Metaspace       used 81695K, committed 82816K, reserved 1130496K
  class space    used 8260K, committed 8768K, reserved 1048576K
}
Event: 2348.960 GC heap before
{Heap before GC invocations=2985 (full 83):
 PSYoungGen      total 5632K, used 5024K [0x00000000eab00000, 0x00000000eb280000, 0x0000000100000000)
  eden space 3584K, 100% used [0x00000000eab00000,0x00000000eae80000,0x00000000eae80000)
  from space 2048K, 70% used [0x00000000eae80000,0x00000000eafe8000,0x00000000eb080000)
  to   space 2048K, 0% used [0x00000000eb080000,0x00000000eb080000,0x00000000eb280000)
 ParOldGen       total 85504K, used 81898K [0x00000000c0000000, 0x00000000c5380000, 0x00000000eab00000)
  object space 85504K, 95% used [0x00000000c0000000,0x00000000c4ffa9c0,0x00000000c5380000)
 Metaspace       used 81695K, committed 82816K, reserved 1130496K
  class space    used 8260K, committed 8768K, reserved 1048576K
}
Event: 2348.962 GC heap after
{Heap after GC invocations=2985 (full 83):
 PSYoungGen      total 4608K, used 2032K [0x00000000eab00000, 0x00000000eb480000, 0x0000000100000000)
  eden space 2560K, 0% used [0x00000000eab00000,0x00000000eab00000,0x00000000ead80000)
  from space 2048K, 99% used [0x00000000eb080000,0x00000000eb27c010,0x00000000eb280000)
  to   space 3072K, 0% used [0x00000000ead80000,0x00000000ead80000,0x00000000eb080000)
 ParOldGen       total 85504K, used 82306K [0x00000000c0000000, 0x00000000c5380000, 0x00000000eab00000)
  object space 85504K, 96% used [0x00000000c0000000,0x00000000c50609c0,0x00000000c5380000)
 Metaspace       used 81695K, committed 82816K, reserved 1130496K
  class space    used 8260K, committed 8768K, reserved 1048576K
}
Event: 2348.971 GC heap before
{Heap before GC invocations=2986 (full 83):
 PSYoungGen      total 4608K, used 4592K [0x00000000eab00000, 0x00000000eb480000, 0x0000000100000000)
  eden space 2560K, 100% used [0x00000000eab00000,0x00000000ead80000,0x00000000ead80000)
  from space 2048K, 99% used [0x00000000eb080000,0x00000000eb27c010,0x00000000eb280000)
  to   space 3072K, 0% used [0x00000000ead80000,0x00000000ead80000,0x00000000eb080000)
 ParOldGen       total 85504K, used 82306K [0x00000000c0000000, 0x00000000c5380000, 0x00000000eab00000)
  object space 85504K, 96% used [0x00000000c0000000,0x00000000c50609c0,0x00000000c5380000)
 Metaspace       used 81695K, committed 82816K, reserved 1130496K
  class space    used 8260K, committed 8768K, reserved 1048576K
}
Event: 2348.973 GC heap after
{Heap after GC invocations=2986 (full 83):
 PSYoungGen      total 5120K, used 2224K [0x00000000eab00000, 0x00000000eb280000, 0x0000000100000000)
  eden space 2560K, 0% used [0x00000000eab00000,0x00000000eab00000,0x00000000ead80000)
  from space 2560K, 86% used [0x00000000ead80000,0x00000000eafac050,0x00000000eb000000)
  to   space 2560K, 0% used [0x00000000eb000000,0x00000000eb000000,0x00000000eb280000)
 ParOldGen       total 85504K, used 82879K [0x00000000c0000000, 0x00000000c5380000, 0x00000000eab00000)
  object space 85504K, 96% used [0x00000000c0000000,0x00000000c50efc78,0x00000000c5380000)
 Metaspace       used 81695K, committed 82816K, reserved 1130496K
  class space    used 8260K, committed 8768K, reserved 1048576K
}
Event: 2349.273 GC heap before
{Heap before GC invocations=2987 (full 83):
 PSYoungGen      total 5120K, used 4784K [0x00000000eab00000, 0x00000000eb280000, 0x0000000100000000)
  eden space 2560K, 100% used [0x00000000eab00000,0x00000000ead80000,0x00000000ead80000)
  from space 2560K, 86% used [0x00000000ead80000,0x00000000eafac050,0x00000000eb000000)
  to   space 2560K, 0% used [0x00000000eb000000,0x00000000eb000000,0x00000000eb280000)
 ParOldGen       total 85504K, used 82879K [0x00000000c0000000, 0x00000000c5380000, 0x00000000eab00000)
  object space 85504K, 96% used [0x00000000c0000000,0x00000000c50efc78,0x00000000c5380000)
 Metaspace       used 81698K, committed 82816K, reserved 1130496K
  class space    used 8260K, committed 8768K, reserved 1048576K
}
Event: 2349.277 GC heap after
{Heap after GC invocations=2987 (full 83):
 PSYoungGen      total 5120K, used 2392K [0x00000000eab00000, 0x00000000eb280000, 0x0000000100000000)
  eden space 2560K, 0% used [0x00000000eab00000,0x00000000eab00000,0x00000000ead80000)
  from space 2560K, 93% used [0x00000000eb000000,0x00000000eb2560c0,0x00000000eb280000)
  to   space 2560K, 0% used [0x00000000ead80000,0x00000000ead80000,0x00000000eb000000)
 ParOldGen       total 85504K, used 83453K [0x00000000c0000000, 0x00000000c5380000, 0x00000000eab00000)
  object space 85504K, 97% used [0x00000000c0000000,0x00000000c517f4e8,0x00000000c5380000)
 Metaspace       used 81698K, committed 82816K, reserved 1130496K
  class space    used 8260K, committed 8768K, reserved 1048576K
}
Event: 2349.291 GC heap before
{Heap before GC invocations=2988 (full 83):
 PSYoungGen      total 5120K, used 4952K [0x00000000eab00000, 0x00000000eb280000, 0x0000000100000000)
  eden space 2560K, 100% used [0x00000000eab00000,0x00000000ead80000,0x00000000ead80000)
  from space 2560K, 93% used [0x00000000eb000000,0x00000000eb2560c0,0x00000000eb280000)
  to   space 2560K, 0% used [0x00000000ead80000,0x00000000ead80000,0x00000000eb000000)
 ParOldGen       total 85504K, used 83453K [0x00000000c0000000, 0x00000000c5380000, 0x00000000eab00000)
  object space 85504K, 97% used [0x00000000c0000000,0x00000000c517f4e8,0x00000000c5380000)
 Metaspace       used 81698K, committed 82816K, reserved 1130496K
  class space    used 8260K, committed 8768K, reserved 1048576K
}
Event: 2349.294 GC heap after
{Heap after GC invocations=2988 (full 83):
 PSYoungGen      total 4096K, used 1536K [0x00000000eab00000, 0x00000000eb180000, 0x0000000100000000)
  eden space 2560K, 0% used [0x00000000eab00000,0x00000000eab00000,0x00000000ead80000)
  from space 1536K, 100% used [0x00000000ead80000,0x00000000eaf00000,0x00000000eaf00000)
  to   space 2048K, 0% used [0x00000000eaf80000,0x00000000eaf80000,0x00000000eb180000)
 ParOldGen       total 85504K, used 83469K [0x00000000c0000000, 0x00000000c5380000, 0x00000000eab00000)
  object space 85504K, 97% used [0x00000000c0000000,0x00000000c51834e8,0x00000000c5380000)
 Metaspace       used 81698K, committed 82816K, reserved 1130496K
  class space    used 8260K, committed 8768K, reserved 1048576K
}
Event: 2349.306 GC heap before
{Heap before GC invocations=2989 (full 83):
 PSYoungGen      total 4096K, used 4096K [0x00000000eab00000, 0x00000000eb180000, 0x0000000100000000)
  eden space 2560K, 100% used [0x00000000eab00000,0x00000000ead80000,0x00000000ead80000)
  from space 1536K, 100% used [0x00000000ead80000,0x00000000eaf00000,0x00000000eaf00000)
  to   space 2048K, 0% used [0x00000000eaf80000,0x00000000eaf80000,0x00000000eb180000)
 ParOldGen       total 85504K, used 83469K [0x00000000c0000000, 0x00000000c5380000, 0x00000000eab00000)
  object space 85504K, 97% used [0x00000000c0000000,0x00000000c51834e8,0x00000000c5380000)
 Metaspace       used 81698K, committed 82816K, reserved 1130496K
  class space    used 8260K, committed 8768K, reserved 1048576K
}
Event: 2349.307 GC heap after
{Heap after GC invocations=2989 (full 83):
 PSYoungGen      total 4608K, used 1472K [0x00000000eab00000, 0x00000000eb180000, 0x0000000100000000)
  eden space 2560K, 0% used [0x00000000eab00000,0x00000000eab00000,0x00000000ead80000)
  from space 2048K, 71% used [0x00000000eaf80000,0x00000000eb0f0000,0x00000000eb180000)
  to   space 2048K, 0% used [0x00000000ead80000,0x00000000ead80000,0x00000000eaf80000)
 ParOldGen       total 85504K, used 83501K [0x00000000c0000000, 0x00000000c5380000, 0x00000000eab00000)
  object space 85504K, 97% used [0x00000000c0000000,0x00000000c518b4e8,0x00000000c5380000)
 Metaspace       used 81698K, committed 82816K, reserved 1130496K
  class space    used 8260K, committed 8768K, reserved 1048576K
}
Event: 2349.661 GC heap before
{Heap before GC invocations=2990 (full 83):
 PSYoungGen      total 4608K, used 3877K [0x00000000eab00000, 0x00000000eb180000, 0x0000000100000000)
  eden space 2560K, 93% used [0x00000000eab00000,0x00000000ead59608,0x00000000ead80000)
  from space 2048K, 71% used [0x00000000eaf80000,0x00000000eb0f0000,0x00000000eb180000)
  to   space 2048K, 0% used [0x00000000ead80000,0x00000000ead80000,0x00000000eaf80000)
 ParOldGen       total 85504K, used 85003K [0x00000000c0000000, 0x00000000c5380000, 0x00000000eab00000)
  object space 85504K, 99% used [0x00000000c0000000,0x00000000c5302e28,0x00000000c5380000)
 Metaspace       used 81698K, committed 82816K, reserved 1130496K
  class space    used 8260K, committed 8768K, reserved 1048576K
}
Event: 2349.662 GC heap after
{Heap after GC invocations=2990 (full 83):
 PSYoungGen      total 4096K, used 1072K [0x00000000eab00000, 0x00000000eb080000, 0x0000000100000000)
  eden space 2560K, 0% used [0x00000000eab00000,0x00000000eab00000,0x00000000ead80000)
  from space 1536K, 69% used [0x00000000ead80000,0x00000000eae8c010,0x00000000eaf00000)
  to   space 1536K, 0% used [0x00000000eaf00000,0x00000000eaf00000,0x00000000eb080000)
 ParOldGen       total 85504K, used 85050K [0x00000000c0000000, 0x00000000c5380000, 0x00000000eab00000)
  object space 85504K, 99% used [0x00000000c0000000,0x00000000c530e868,0x00000000c5380000)
 Metaspace       used 81698K, committed 82816K, reserved 1130496K
  class space    used 8260K, committed 8768K, reserved 1048576K
}
Event: 2349.667 GC heap before
{Heap before GC invocations=2991 (full 83):
 PSYoungGen      total 4096K, used 3462K [0x00000000eab00000, 0x00000000eb080000, 0x0000000100000000)
  eden space 2560K, 93% used [0x00000000eab00000,0x00000000ead559b0,0x00000000ead80000)
  from space 1536K, 69% used [0x00000000ead80000,0x00000000eae8c010,0x00000000eaf00000)
  to   space 1536K, 0% used [0x00000000eaf00000,0x00000000eaf00000,0x00000000eb080000)
 ParOldGen       total 85504K, used 85050K [0x00000000c0000000, 0x00000000c5380000, 0x00000000eab00000)
  object space 85504K, 99% used [0x00000000c0000000,0x00000000c530e868,0x00000000c5380000)
 Metaspace       used 81698K, committed 82816K, reserved 1130496K
  class space    used 8260K, committed 8768K, reserved 1048576K
}
Event: 2349.669 GC heap after
{Heap after GC invocations=2991 (full 83):
 PSYoungGen      total 3584K, used 1493K [0x00000000eab00000, 0x00000000eb180000, 0x0000000100000000)
  eden space 2048K, 0% used [0x00000000eab00000,0x00000000eab00000,0x00000000ead00000)
  from space 1536K, 97% used [0x00000000eaf00000,0x00000000eb075650,0x00000000eb080000)
  to   space 2048K, 0% used [0x00000000ead00000,0x00000000ead00000,0x00000000eaf00000)
 ParOldGen       total 87040K, used 86552K [0x00000000c0000000, 0x00000000c5500000, 0x00000000eab00000)
  object space 87040K, 99% used [0x00000000c0000000,0x00000000c54861a8,0x00000000c5500000)
 Metaspace       used 81698K, committed 82816K, reserved 1130496K
  class space    used 8260K, committed 8768K, reserved 1048576K
}
Event: 2349.669 GC heap before
{Heap before GC invocations=2992 (full 84):
 PSYoungGen      total 3584K, used 1493K [0x00000000eab00000, 0x00000000eb180000, 0x0000000100000000)
  eden space 2048K, 0% used [0x00000000eab00000,0x00000000eab00000,0x00000000ead00000)
  from space 1536K, 97% used [0x00000000eaf00000,0x00000000eb075650,0x00000000eb080000)
  to   space 2048K, 0% used [0x00000000ead00000,0x00000000ead00000,0x00000000eaf00000)
 ParOldGen       total 87040K, used 86552K [0x00000000c0000000, 0x00000000c5500000, 0x00000000eab00000)
  object space 87040K, 99% used [0x00000000c0000000,0x00000000c54861a8,0x00000000c5500000)
 Metaspace       used 81698K, committed 82816K, reserved 1130496K
  class space    used 8260K, committed 8768K, reserved 1048576K
}

