# JRE version: OpenJDK Runtime Environment Temurin-17.0.5+8 (17.0.5+8) (build 17.0.5+8)
# Java VM: OpenJDK 64-Bit Server VM Temurin-17.0.5+8 (17.0.5+8, mixed mode, tiered, compressed oops, compressed class ptrs, parallel gc, windows-amd64)
GC Precious Log:
 CPUs: 4 total, 4 available
 Memory: 16260M
 Large Page Support: Disabled
 NUMA Support: Disabled
 Compressed Oops: Enabled (32-bit)
 Alignments: Space 512K, Generation 512K, Heap 2M
 Heap Min Capacity: 100M
 Heap Initial Capacity: 100M
 Heap Max Capacity: 1G
 Pre-touch: Disabled
 Parallel Workers: 4
Heap:
 PSYoungGen      total 7168K, used 517K [0x00000000eab00000, 0x00000000eb580000, 0x0000000100000000)
  eden space 6144K, 0% used [0x00000000eab00000,0x00000000eab00000,0x00000000eb100000)
  from space 1024K, 50% used [0x00000000eb480000,0x00000000eb501640,0x00000000eb580000)
  to   space 1024K, 0% used [0x00000000eb380000,0x00000000eb380000,0x00000000eb480000)
 ParOldGen       total 237056K, used 236247K [0x00000000c0000000, 0x00000000ce780000, 0x00000000eab00000)
  object space 237056K, 99% used [0x00000000c0000000,0x00000000ce6b5e28,0x00000000ce780000)
 Metaspace       used 89881K, committed 91008K, reserved 1130496K
  class space    used 9028K, committed 9472K, reserved 1048576K
GC Heap History (20 events):
Event: 29792.408 GC heap after
{Heap after GC invocations=6716 (full 171):
 PSYoungGen      total 7168K, used 219K [0x00000000eab00000, 0x00000000eb580000, 0x0000000100000000)
  eden space 6144K, 0% used [0x00000000eab00000,0x00000000eab00000,0x00000000eb100000)
  from space 1024K, 21% used [0x00000000eb380000,0x00000000eb3b6fe8,0x00000000eb480000)
  to   space 512K, 0% used [0x00000000eb500000,0x00000000eb500000,0x00000000eb580000)
 ParOldGen       total 237056K, used 230337K [0x00000000c0000000, 0x00000000ce780000, 0x00000000eab00000)
  object space 237056K, 97% used [0x00000000c0000000,0x00000000ce0f06c0,0x00000000ce780000)
 Metaspace       used 89881K, committed 91008K, reserved 1130496K
  class space    used 9028K, committed 9472K, reserved 1048576K
}
Event: 29792.415 GC heap before
{Heap before GC invocations=6717 (full 171):
 PSYoungGen      total 7168K, used 4886K [0x00000000eab00000, 0x00000000eb580000, 0x0000000100000000)
  eden space 6144K, 75% used [0x00000000eab00000,0x00000000eaf8ec10,0x00000000eb100000)
  from space 1024K, 21% used [0x00000000eb380000,0x00000000eb3b6fe8,0x00000000eb480000)
  to   space 512K, 0% used [0x00000000eb500000,0x00000000eb500000,0x00000000eb580000)
 ParOldGen       total 237056K, used 230337K [0x00000000c0000000, 0x00000000ce780000, 0x00000000eab00000)
  object space 237056K, 97% used [0x00000000c0000000,0x00000000ce0f06c0,0x00000000ce780000)
 Metaspace       used 89881K, committed 91008K, reserved 1130496K
  class space    used 9028K, committed 9472K, reserved 1048576K
}
Event: 29792.416 GC heap after
{Heap after GC invocations=6717 (full 171):
 PSYoungGen      total 6656K, used 219K [0x00000000eab00000, 0x00000000eb580000, 0x0000000100000000)
  eden space 6144K, 0% used [0x00000000eab00000,0x00000000eab00000,0x00000000eb100000)
  from space 512K, 42% used [0x00000000eb500000,0x00000000eb536fe8,0x00000000eb580000)
  to   space 512K, 0% used [0x00000000eb480000,0x00000000eb480000,0x00000000eb500000)
 ParOldGen       total 237056K, used 230337K [0x00000000c0000000, 0x00000000ce780000, 0x00000000eab00000)
  object space 237056K, 97% used [0x00000000c0000000,0x00000000ce0f06c0,0x00000000ce780000)
 Metaspace       used 89881K, committed 91008K, reserved 1130496K
  class space    used 9028K, committed 9472K, reserved 1048576K
}
Event: 29792.424 GC heap before
{Heap before GC invocations=6718 (full 171):
 PSYoungGen      total 6656K, used 4960K [0x00000000eab00000, 0x00000000eb580000, 0x0000000100000000)
  eden space 6144K, 77% used [0x00000000eab00000,0x00000000eafa11b0,0x00000000eb100000)
  from space 512K, 42% used [0x00000000eb500000,0x00000000eb536fe8,0x00000000eb580000)
  to   space 512K, 0% used [0x00000000eb480000,0x00000000eb480000,0x00000000eb500000)
 ParOldGen       total 237056K, used 230337K [0x00000000c0000000, 0x00000000ce780000, 0x00000000eab00000)
  object space 237056K, 97% used [0x00000000c0000000,0x00000000ce0f06c0,0x00000000ce780000)
 Metaspace       used 89881K, committed 91008K, reserved 1130496K
  class space    used 9028K, committed 9472K, reserved 1048576K
}
Event: 29792.425 GC heap after
{Heap after GC invocations=6718 (full 171):
 PSYoungGen      total 6656K, used 219K [0x00000000eab00000, 0x00000000eb580000, 0x0000000100000000)
  eden space 6144K, 0% used [0x00000000eab00000,0x00000000eab00000,0x00000000eb100000)
  from space 512K, 42% used [0x00000000eb480000,0x00000000eb4b6fe8,0x00000000eb500000)
  to   space 512K, 0% used [0x00000000eb500000,0x00000000eb500000,0x00000000eb580000)
 ParOldGen       total 237056K, used 230361K [0x00000000c0000000, 0x00000000ce780000, 0x00000000eab00000)
  object space 237056K, 97% used [0x00000000c0000000,0x00000000ce0f66c0,0x00000000ce780000)
 Metaspace       used 89881K, committed 91008K, reserved 1130496K
  class space    used 9028K, committed 9472K, reserved 1048576K
}
Event: 29792.432 GC heap before
{Heap before GC invocations=6719 (full 171):
 PSYoungGen      total 6656K, used 6014K [0x00000000eab00000, 0x00000000eb580000, 0x0000000100000000)
  eden space 6144K, 94% used [0x00000000eab00000,0x00000000eb0a8a30,0x00000000eb100000)
  from space 512K, 42% used [0x00000000eb480000,0x00000000eb4b6fe8,0x00000000eb500000)
  to   space 512K, 0% used [0x00000000eb500000,0x00000000eb500000,0x00000000eb580000)
 ParOldGen       total 237056K, used 230361K [0x00000000c0000000, 0x00000000ce780000, 0x00000000eab00000)
  object space 237056K, 97% used [0x00000000c0000000,0x00000000ce0f66c0,0x00000000ce780000)
 Metaspace       used 89881K, committed 91008K, reserved 1130496K
  class space    used 9028K, committed 9472K, reserved 1048576K
}
Event: 29792.433 GC heap after
{Heap after GC invocations=6719 (full 171):
 PSYoungGen      total 6656K, used 128K [0x00000000eab00000, 0x00000000eb580000, 0x0000000100000000)
  eden space 6144K, 0% used [0x00000000eab00000,0x00000000eab00000,0x00000000eb100000)
  from space 512K, 25% used [0x00000000eb500000,0x00000000eb520000,0x00000000eb580000)
  to   space 512K, 0% used [0x00000000eb480000,0x00000000eb480000,0x00000000eb500000)
 ParOldGen       total 237056K, used 231141K [0x00000000c0000000, 0x00000000ce780000, 0x00000000eab00000)
  object space 237056K, 97% used [0x00000000c0000000,0x00000000ce1b9420,0x00000000ce780000)
 Metaspace       used 89881K, committed 91008K, reserved 1130496K
  class space    used 9028K, committed 9472K, reserved 1048576K
}
Event: 29792.443 GC heap before
{Heap before GC invocations=6720 (full 171):
 PSYoungGen      total 6656K, used 6010K [0x00000000eab00000, 0x00000000eb580000, 0x0000000100000000)
  eden space 6144K, 95% used [0x00000000eab00000,0x00000000eb0be930,0x00000000eb100000)
  from space 512K, 25% used [0x00000000eb500000,0x00000000eb520000,0x00000000eb580000)
  to   space 512K, 0% used [0x00000000eb480000,0x00000000eb480000,0x00000000eb500000)
 ParOldGen       total 237056K, used 231141K [0x00000000c0000000, 0x00000000ce780000, 0x00000000eab00000)
  object space 237056K, 97% used [0x00000000c0000000,0x00000000ce1b9420,0x00000000ce780000)
 Metaspace       used 89881K, committed 91008K, reserved 1130496K
  class space    used 9028K, committed 9472K, reserved 1048576K
}
Event: 29792.445 GC heap after
{Heap after GC invocations=6720 (full 171):
 PSYoungGen      total 6656K, used 510K [0x00000000eab00000, 0x00000000eb700000, 0x0000000100000000)
  eden space 6144K, 0% used [0x00000000eab00000,0x00000000eab00000,0x00000000eb100000)
  from space 512K, 99% used [0x00000000eb480000,0x00000000eb4ff8d8,0x00000000eb500000)
  to   space 2048K, 0% used [0x00000000eb500000,0x00000000eb500000,0x00000000eb700000)
 ParOldGen       total 237056K, used 232978K [0x00000000c0000000, 0x00000000ce780000, 0x00000000eab00000)
  object space 237056K, 98% used [0x00000000c0000000,0x00000000ce3848c8,0x00000000ce780000)
 Metaspace       used 89881K, committed 91008K, reserved 1130496K
  class space    used 9028K, committed 9472K, reserved 1048576K
}
Event: 29792.726 GC heap before
{Heap before GC invocations=6721 (full 171):
 PSYoungGen      total 6656K, used 6654K [0x00000000eab00000, 0x00000000eb700000, 0x0000000100000000)
  eden space 6144K, 100% used [0x00000000eab00000,0x00000000eb100000,0x00000000eb100000)
  from space 512K, 99% used [0x00000000eb480000,0x00000000eb4ff8d8,0x00000000eb500000)
  to   space 2048K, 0% used [0x00000000eb500000,0x00000000eb500000,0x00000000eb700000)
 ParOldGen       total 237056K, used 232978K [0x00000000c0000000, 0x00000000ce780000, 0x00000000eab00000)
  object space 237056K, 98% used [0x00000000c0000000,0x00000000ce3848c8,0x00000000ce780000)
 Metaspace       used 89881K, committed 91008K, reserved 1130496K
  class space    used 9028K, committed 9472K, reserved 1048576K
}
Event: 29792.727 GC heap after
{Heap after GC invocations=6721 (full 171):
 PSYoungGen      total 7680K, used 1307K [0x00000000eab00000, 0x00000000eb680000, 0x0000000100000000)
  eden space 6144K, 0% used [0x00000000eab00000,0x00000000eab00000,0x00000000eb100000)
  from space 1536K, 85% used [0x00000000eb500000,0x00000000eb646d60,0x00000000eb680000)
  to   space 2048K, 0% used [0x00000000eb280000,0x00000000eb280000,0x00000000eb480000)
 ParOldGen       total 237056K, used 233002K [0x00000000c0000000, 0x00000000ce780000, 0x00000000eab00000)
  object space 237056K, 98% used [0x00000000c0000000,0x00000000ce38a8c8,0x00000000ce780000)
 Metaspace       used 89881K, committed 91008K, reserved 1130496K
  class space    used 9028K, committed 9472K, reserved 1048576K
}
Event: 29792.747 GC heap before
{Heap before GC invocations=6722 (full 171):
 PSYoungGen      total 7680K, used 7451K [0x00000000eab00000, 0x00000000eb680000, 0x0000000100000000)
  eden space 6144K, 100% used [0x00000000eab00000,0x00000000eb100000,0x00000000eb100000)
  from space 1536K, 85% used [0x00000000eb500000,0x00000000eb646d60,0x00000000eb680000)
  to   space 2048K, 0% used [0x00000000eb280000,0x00000000eb280000,0x00000000eb480000)
 ParOldGen       total 237056K, used 233002K [0x00000000c0000000, 0x00000000ce780000, 0x00000000eab00000)
  object space 237056K, 98% used [0x00000000c0000000,0x00000000ce38a8c8,0x00000000ce780000)
 Metaspace       used 89881K, committed 91008K, reserved 1130496K
  class space    used 9028K, committed 9472K, reserved 1048576K
}
Event: 29792.749 GC heap after
{Heap after GC invocations=6722 (full 171):
 PSYoungGen      total 8192K, used 2016K [0x00000000eab00000, 0x00000000eb900000, 0x0000000100000000)
  eden space 6144K, 0% used [0x00000000eab00000,0x00000000eab00000,0x00000000eb100000)
  from space 2048K, 98% used [0x00000000eb280000,0x00000000eb478230,0x00000000eb480000)
  to   space 4096K, 0% used [0x00000000eb500000,0x00000000eb500000,0x00000000eb900000)
 ParOldGen       total 237056K, used 234264K [0x00000000c0000000, 0x00000000ce780000, 0x00000000eab00000)
  object space 237056K, 98% used [0x00000000c0000000,0x00000000ce4c61e8,0x00000000ce780000)
 Metaspace       used 89881K, committed 91008K, reserved 1130496K
  class space    used 9028K, committed 9472K, reserved 1048576K
}
Event: 29793.274 GC heap before
{Heap before GC invocations=6723 (full 171):
 PSYoungGen      total 8192K, used 7547K [0x00000000eab00000, 0x00000000eb900000, 0x0000000100000000)
  eden space 6144K, 90% used [0x00000000eab00000,0x00000000eb066c70,0x00000000eb100000)
  from space 2048K, 98% used [0x00000000eb280000,0x00000000eb478230,0x00000000eb480000)
  to   space 4096K, 0% used [0x00000000eb500000,0x00000000eb500000,0x00000000eb900000)
 ParOldGen       total 237056K, used 234264K [0x00000000c0000000, 0x00000000ce780000, 0x00000000eab00000)
  object space 237056K, 98% used [0x00000000c0000000,0x00000000ce4c61e8,0x00000000ce780000)
 Metaspace       used 89881K, committed 91008K, reserved 1130496K
  class space    used 9028K, committed 9472K, reserved 1048576K
}
Event: 29793.278 GC heap after
{Heap after GC invocations=6723 (full 171):
 PSYoungGen      total 6656K, used 128K [0x00000000eab00000, 0x00000000eb580000, 0x0000000100000000)
  eden space 6144K, 0% used [0x00000000eab00000,0x00000000eab00000,0x00000000eb100000)
  from space 512K, 25% used [0x00000000eb500000,0x00000000eb520000,0x00000000eb580000)
  to   space 1536K, 0% used [0x00000000eb280000,0x00000000eb280000,0x00000000eb400000)
 ParOldGen       total 237056K, used 234689K [0x00000000c0000000, 0x00000000ce780000, 0x00000000eab00000)
  object space 237056K, 99% used [0x00000000c0000000,0x00000000ce5304e8,0x00000000ce780000)
 Metaspace       used 89881K, committed 91008K, reserved 1130496K
  class space    used 9028K, committed 9472K, reserved 1048576K
}
Event: 29793.299 GC heap before
{Heap before GC invocations=6724 (full 171):
 PSYoungGen      total 6656K, used 5119K [0x00000000eab00000, 0x00000000eb580000, 0x0000000100000000)
  eden space 6144K, 81% used [0x00000000eab00000,0x00000000eafdfe68,0x00000000eb100000)
  from space 512K, 25% used [0x00000000eb500000,0x00000000eb520000,0x00000000eb580000)
  to   space 1536K, 0% used [0x00000000eb280000,0x00000000eb280000,0x00000000eb400000)
 ParOldGen       total 237056K, used 234689K [0x00000000c0000000, 0x00000000ce780000, 0x00000000eab00000)
  object space 237056K, 99% used [0x00000000c0000000,0x00000000ce5304e8,0x00000000ce780000)
 Metaspace       used 89881K, committed 91008K, reserved 1130496K
  class space    used 9028K, committed 9472K, reserved 1048576K
}
Event: 29793.301 GC heap after
{Heap after GC invocations=6724 (full 171):
 PSYoungGen      total 7680K, used 499K [0x00000000eab00000, 0x00000000eb580000, 0x0000000100000000)
  eden space 6144K, 0% used [0x00000000eab00000,0x00000000eab00000,0x00000000eb100000)
  from space 1536K, 32% used [0x00000000eb280000,0x00000000eb2fceb0,0x00000000eb400000)
  to   space 1024K, 0% used [0x00000000eb480000,0x00000000eb480000,0x00000000eb580000)
 ParOldGen       total 237056K, used 234721K [0x00000000c0000000, 0x00000000ce780000, 0x00000000eab00000)
  object space 237056K, 99% used [0x00000000c0000000,0x00000000ce5384e8,0x00000000ce780000)
 Metaspace       used 89881K, committed 91008K, reserved 1130496K
  class space    used 9028K, committed 9472K, reserved 1048576K
}
Event: 29793.316 GC heap before
{Heap before GC invocations=6725 (full 171):
 PSYoungGen      total 7680K, used 6567K [0x00000000eab00000, 0x00000000eb580000, 0x0000000100000000)
  eden space 6144K, 98% used [0x00000000eab00000,0x00000000eb0ecfd0,0x00000000eb100000)
  from space 1536K, 32% used [0x00000000eb280000,0x00000000eb2fceb0,0x00000000eb400000)
  to   space 1024K, 0% used [0x00000000eb480000,0x00000000eb480000,0x00000000eb580000)
 ParOldGen       total 237056K, used 234721K [0x00000000c0000000, 0x00000000ce780000, 0x00000000eab00000)
  object space 237056K, 99% used [0x00000000c0000000,0x00000000ce5384e8,0x00000000ce780000)
 Metaspace       used 89881K, committed 91008K, reserved 1130496K
  class space    used 9028K, committed 9472K, reserved 1048576K
}
Event: 29793.317 GC heap after
{Heap after GC invocations=6725 (full 171):
 PSYoungGen      total 7168K, used 517K [0x00000000eab00000, 0x00000000eb580000, 0x0000000100000000)
  eden space 6144K, 0% used [0x00000000eab00000,0x00000000eab00000,0x00000000eb100000)
  from space 1024K, 50% used [0x00000000eb480000,0x00000000eb501640,0x00000000eb580000)
  to   space 1024K, 0% used [0x00000000eb380000,0x00000000eb380000,0x00000000eb480000)
 ParOldGen       total 237056K, used 236247K [0x00000000c0000000, 0x00000000ce780000, 0x00000000eab00000)
  object space 237056K, 99% used [0x00000000c0000000,0x00000000ce6b5e28,0x00000000ce780000)
 Metaspace       used 89881K, committed 91008K, reserved 1130496K
  class space    used 9028K, committed 9472K, reserved 1048576K
}
Event: 29793.317 GC heap before
{Heap before GC invocations=6726 (full 172):
 PSYoungGen      total 7168K, used 517K [0x00000000eab00000, 0x00000000eb580000, 0x0000000100000000)
  eden space 6144K, 0% used [0x00000000eab00000,0x00000000eab00000,0x00000000eb100000)
  from space 1024K, 50% used [0x00000000eb480000,0x00000000eb501640,0x00000000eb580000)
  to   space 1024K, 0% used [0x00000000eb380000,0x00000000eb380000,0x00000000eb480000)
 ParOldGen       total 237056K, used 236247K [0x00000000c0000000, 0x00000000ce780000, 0x00000000eab00000)
  object space 237056K, 99% used [0x00000000c0000000,0x00000000ce6b5e28,0x00000000ce780000)
 Metaspace       used 89881K, committed 91008K, reserved 1130496K
  class space    used 9028K, committed 9472K, reserved 1048576K
}

